{"level":"info","message":"JWT configuration validated successfully","timestamp":"2025-09-22 17:57:13"}
{"level":"info","message":"JWT configuration validated successfully","timestamp":"2025-09-22 17:59:31"}
{"headers":{"accept":"*/*","accept-encoding":"gzip, deflate, br","connection":"keep-alive","host":"localhost:3000","postman-token":"e563b04d-815e-49e8-bbb4-aee7732819c3","user-agent":"PostmanRuntime/7.43.4"},"ip":"::1","level":"http","message":"Incoming request","method":"GET","query":{},"requestId":"jo7e7ce8w97xpy3gp0abi","timestamp":"2025-09-22 17:59:34","url":"/health","userAgent":"PostmanRuntime/7.43.4"}
{"level":"info","message":"Health check requested","timestamp":"2025-09-22 17:59:34"}
{"duration":5,"ip":"::1","level":"http","message":"Outgoing response","requestId":"jo7e7ce8w97xpy3gp0abi","responseSize":55,"statusCode":200,"timestamp":"2025-09-22 17:59:34","userAgent":"PostmanRuntime/7.43.4"}
{"body":{"email":"john.doe@example.com","firstName":"John","lastName":"Doe","password":"[REDACTED]","phoneNumber":"+1234567890","role":"SUPER_ADMIN"},"headers":{"accept":"*/*","accept-encoding":"gzip, deflate, br","connection":"keep-alive","content-length":"180","content-type":"application/json","host":"localhost:3000","postman-token":"e5fa15bb-786f-4d72-9e78-f9f633d8fea4","user-agent":"PostmanRuntime/7.43.4"},"ip":"::1","level":"http","message":"Incoming request","method":"POST","query":{},"requestId":"i31yudipwv2c17c0q816t","timestamp":"2025-09-22 18:00:18","url":"/api/auth/register","userAgent":"PostmanRuntime/7.43.4"}
{"action":"Registration attempt","category":"authentication","email":"john.doe@example.com","ip":"::1","level":"info","message":"Auth: Registration attempt","requestId":"i31yudipwv2c17c0q816t","role":"SUPER_ADMIN","timestamp":"2025-09-22 18:00:18","userAgent":"PostmanRuntime/7.43.4"}
{"action":"Registration attempt started","category":"authentication","email":"john.doe@example.com","level":"info","message":"Auth: Registration attempt started","role":"SUPER_ADMIN","timestamp":"2025-09-22 18:00:18"}
{"action":"Access token generated","category":"authentication","expiresIn":"15m","level":"info","message":"Auth: Access token generated","role":"SUPER_ADMIN","timestamp":"2025-09-22 18:00:19","userId":"cmfv3tntn0000tvo44olabctu"}
{"action":"Refresh token generated","category":"authentication","expiresIn":"7d","level":"info","message":"Auth: Refresh token generated","role":"SUPER_ADMIN","timestamp":"2025-09-22 18:00:19","userId":"cmfv3tntn0000tvo44olabctu"}
{"email":"john.doe@example.com","error":"\nInvalid `prisma.refreshToken.create()` invocation:\n\n\nThe provided value for the column is too long for the column's type. Column: token","level":"error","message":"Registration failed","role":"SUPER_ADMIN","stack":"PrismaClientKnownRequestError: \nInvalid `prisma.refreshToken.create()` invocation:\n\n\nThe provided value for the column is too long for the column's type. Column: token\n    at ei.handleRequestError (D:\\MacrosAndMeals\\src\\generated\\prisma\\runtime\\library.js:124:7268)\n    at ei.handleAndLogRequestError (D:\\MacrosAndMeals\\src\\generated\\prisma\\runtime\\library.js:124:6593)\n    at ei.request (D:\\MacrosAndMeals\\src\\generated\\prisma\\runtime\\library.js:124:6300)\n    at async a (D:\\MacrosAndMeals\\src\\generated\\prisma\\runtime\\library.js:133:9551)\n    at async Object.register (file:///D:/MacrosAndMeals/src/services/authService.js:117:7)\n    at async register (file:///D:/MacrosAndMeals/src/controllers/authController.js:98:22)","timestamp":"2025-09-22 18:00:19"}
{"email":"john.doe@example.com","error":"\nInvalid `prisma.refreshToken.create()` invocation:\n\n\nThe provided value for the column is too long for the column's type. Column: token","ip":"::1","level":"error","message":"Registration failed","requestId":"i31yudipwv2c17c0q816t","role":"SUPER_ADMIN","stack":"PrismaClientKnownRequestError: \nInvalid `prisma.refreshToken.create()` invocation:\n\n\nThe provided value for the column is too long for the column's type. Column: token\n    at ei.handleRequestError (D:\\MacrosAndMeals\\src\\generated\\prisma\\runtime\\library.js:124:7268)\n    at ei.handleAndLogRequestError (D:\\MacrosAndMeals\\src\\generated\\prisma\\runtime\\library.js:124:6593)\n    at ei.request (D:\\MacrosAndMeals\\src\\generated\\prisma\\runtime\\library.js:124:6300)\n    at async a (D:\\MacrosAndMeals\\src\\generated\\prisma\\runtime\\library.js:133:9551)\n    at async Object.register (file:///D:/MacrosAndMeals/src/services/authService.js:117:7)\n    at async register (file:///D:/MacrosAndMeals/src/controllers/authController.js:98:22)","timestamp":"2025-09-22 18:00:19","userAgent":"PostmanRuntime/7.43.4"}
{"duration":436,"ip":"::1","level":"http","message":"Outgoing response","requestId":"i31yudipwv2c17c0q816t","responseSize":79,"statusCode":500,"timestamp":"2025-09-22 18:00:19","userAgent":"PostmanRuntime/7.43.4"}
{"duration":437,"ip":"::1","level":"error","message":"Request completed with error","method":"POST","requestId":"i31yudipwv2c17c0q816t","statusCode":500,"timestamp":"2025-09-22 18:00:19","url":"/api/auth/register","userAgent":"PostmanRuntime/7.43.4"}
{"level":"info","message":"JWT configuration validated successfully","timestamp":"2025-09-22 18:01:02"}
{"level":"info","message":"JWT configuration validated successfully","timestamp":"2025-09-22 18:04:16"}
{"body":{"email":"john.doe@example.com","firstName":"John","lastName":"Doe","password":"[REDACTED]","phoneNumber":"+1234567890","role":"SUPER_ADMIN"},"headers":{"accept":"*/*","accept-encoding":"gzip, deflate, br","connection":"keep-alive","content-length":"180","content-type":"application/json","host":"localhost:3000","postman-token":"ada8de9a-c653-41c9-b866-fa49e4d05b69","user-agent":"PostmanRuntime/7.43.4"},"ip":"::1","level":"http","message":"Incoming request","method":"POST","query":{},"requestId":"geb7fdhl7cprt5r471kou8","timestamp":"2025-09-22 18:04:55","url":"/api/auth/register","userAgent":"PostmanRuntime/7.43.4"}
{"action":"Registration attempt","category":"authentication","email":"john.doe@example.com","ip":"::1","level":"info","message":"Auth: Registration attempt","requestId":"geb7fdhl7cprt5r471kou8","role":"SUPER_ADMIN","timestamp":"2025-09-22 18:04:55","userAgent":"PostmanRuntime/7.43.4"}
{"action":"Registration attempt started","category":"authentication","email":"john.doe@example.com","level":"info","message":"Auth: Registration attempt started","role":"SUPER_ADMIN","timestamp":"2025-09-22 18:04:55"}
{"action":"Access token generated","category":"authentication","expiresIn":"15m","level":"info","message":"Auth: Access token generated","role":"SUPER_ADMIN","timestamp":"2025-09-22 18:04:56","userId":"cmfv3zlc60000tvacadin3dnt"}
{"action":"Refresh token generated","category":"authentication","expiresIn":"7d","level":"info","message":"Auth: Refresh token generated","role":"SUPER_ADMIN","timestamp":"2025-09-22 18:04:56","userId":"cmfv3zlc60000tvacadin3dnt"}
{"action":"User registered successfully","category":"authentication","email":"john.doe@example.com","level":"info","message":"Auth: User registered successfully","role":"SUPER_ADMIN","timestamp":"2025-09-22 18:04:56","userId":"cmfv3zlc60000tvacadin3dnt"}
{"action":"Registration successful","category":"authentication","email":"john.doe@example.com","ip":"::1","level":"info","message":"Auth: Registration successful","requestId":"geb7fdhl7cprt5r471kou8","role":"SUPER_ADMIN","timestamp":"2025-09-22 18:04:56","userAgent":"PostmanRuntime/7.43.4","userId":"cmfv3zlc60000tvacadin3dnt"}
{"duration":376,"ip":"::1","level":"http","message":"Outgoing response","requestId":"geb7fdhl7cprt5r471kou8","responseSize":1062,"statusCode":201,"timestamp":"2025-09-22 18:04:56","userAgent":"PostmanRuntime/7.43.4"}
{"level":"info","message":"JWT configuration validated successfully","timestamp":"2025-09-22 18:06:20"}
{"level":"info","message":"JWT configuration validated successfully","timestamp":"2025-09-22 18:06:25"}
{"level":"info","message":"JWT configuration validated successfully","timestamp":"2025-09-22 18:06:38"}
{"body":{"email":"admin@example.com","firstName":"Admin","lastName":"User","password":"[REDACTED]","phoneNumber":"+1234567890"},"headers":{"accept":"*/*","accept-encoding":"gzip, deflate, br","connection":"keep-alive","content-length":"158","content-type":"application/json","host":"localhost:3000","postman-token":"4d37ded7-4987-4ae2-bbd0-cadc005b7acb","user-agent":"PostmanRuntime/7.43.4"},"ip":"::1","level":"http","message":"Incoming request","method":"POST","query":{},"requestId":"gf1zp1w4pdvnwo5duag8va","timestamp":"2025-09-22 18:08:02","url":"/api/auth/register","userAgent":"PostmanRuntime/7.43.4"}
{"action":"Access token verified","category":"authentication","level":"info","message":"Auth: Access token verified","role":"SUPER_ADMIN","timestamp":"2025-09-22 18:08:02","userId":"cmfv3zlc60000tvacadin3dnt"}
{"action":"Registration attempt","category":"authentication","email":"admin@example.com","ip":"::1","level":"info","message":"Auth: Registration attempt","requestId":"gf1zp1w4pdvnwo5duag8va","timestamp":"2025-09-22 18:08:02","userAgent":"PostmanRuntime/7.43.4"}
{"duration":14,"ip":"::1","level":"http","message":"Outgoing response","requestId":"gf1zp1w4pdvnwo5duag8va","responseSize":78,"statusCode":400,"timestamp":"2025-09-22 18:08:02","userAgent":"PostmanRuntime/7.43.4"}
{"duration":18,"ip":"::1","level":"warn","message":"Request completed with error","method":"POST","requestId":"gf1zp1w4pdvnwo5duag8va","statusCode":400,"timestamp":"2025-09-22 18:08:02","url":"/api/auth/register","userAgent":"PostmanRuntime/7.43.4"}
{"level":"info","message":"JWT configuration validated successfully","timestamp":"2025-09-22 18:08:40"}
{"body":{"email":"admin@example.com","firstName":"Admin","lastName":"User","password":"[REDACTED]","phoneNumber":"+1234567890"},"headers":{"accept":"*/*","accept-encoding":"gzip, deflate, br","connection":"keep-alive","content-length":"158","content-type":"application/json","host":"localhost:3000","postman-token":"ac9f6f90-1873-4864-8bcb-1fc7070ce602","user-agent":"PostmanRuntime/7.43.4"},"ip":"::1","level":"http","message":"Incoming request","method":"POST","query":{},"requestId":"ryf305674nieapfedb388","timestamp":"2025-09-22 18:10:31","url":"/api/auth/create-admin","userAgent":"PostmanRuntime/7.43.4"}
{"action":"Access token verified","category":"authentication","level":"info","message":"Auth: Access token verified","role":"SUPER_ADMIN","timestamp":"2025-09-22 18:10:31","userId":"cmfv3zlc60000tvacadin3dnt"}
{"category":"security","error":"req.logger.child is not a function","event":"Authentication failed","ip":"::1","level":"warn","message":"Security: Authentication failed","timestamp":"2025-09-22 18:10:31","userAgent":"PostmanRuntime/7.43.4"}
{"duration":11,"ip":"::1","level":"http","message":"Outgoing response","requestId":"ryf305674nieapfedb388","responseSize":73,"statusCode":401,"timestamp":"2025-09-22 18:10:31","userAgent":"PostmanRuntime/7.43.4"}
{"duration":15,"ip":"::1","level":"warn","message":"Request completed with error","method":"POST","requestId":"ryf305674nieapfedb388","statusCode":401,"timestamp":"2025-09-22 18:10:31","url":"/api/auth/create-admin","userAgent":"PostmanRuntime/7.43.4"}
{"level":"info","message":"JWT configuration validated successfully","timestamp":"2025-09-22 18:10:52"}
{"body":{"email":"admin@example.com","firstName":"Admin","lastName":"User","password":"[REDACTED]","phoneNumber":"+1234567890"},"headers":{"accept":"*/*","accept-encoding":"gzip, deflate, br","connection":"keep-alive","content-length":"158","content-type":"application/json","host":"localhost:3000","postman-token":"c85cc329-2e30-4bdc-bb40-673c25ed3e8c","user-agent":"PostmanRuntime/7.43.4"},"ip":"::1","level":"http","message":"Incoming request","method":"POST","query":{},"requestId":"vcjra4e8u6klobzw2qvk","timestamp":"2025-09-22 18:10:55","url":"/api/auth/create-admin","userAgent":"PostmanRuntime/7.43.4"}
{"action":"Access token verified","category":"authentication","level":"info","message":"Auth: Access token verified","role":"SUPER_ADMIN","timestamp":"2025-09-22 18:10:55","userId":"cmfv3zlc60000tvacadin3dnt"}
{"category":"security","error":"req.logger.child is not a function","event":"Authentication failed","ip":"::1","level":"warn","message":"Security: Authentication failed","timestamp":"2025-09-22 18:10:55","userAgent":"PostmanRuntime/7.43.4"}
{"duration":11,"ip":"::1","level":"http","message":"Outgoing response","requestId":"vcjra4e8u6klobzw2qvk","responseSize":73,"statusCode":401,"timestamp":"2025-09-22 18:10:55","userAgent":"PostmanRuntime/7.43.4"}
{"duration":16,"ip":"::1","level":"warn","message":"Request completed with error","method":"POST","requestId":"vcjra4e8u6klobzw2qvk","statusCode":401,"timestamp":"2025-09-22 18:10:55","url":"/api/auth/create-admin","userAgent":"PostmanRuntime/7.43.4"}
{"level":"info","message":"JWT configuration validated successfully","timestamp":"2025-09-22 18:11:43"}
{"body":{"email":"admin@example.com","firstName":"Admin","lastName":"User","password":"[REDACTED]","phoneNumber":"+1234567890"},"headers":{"accept":"*/*","accept-encoding":"gzip, deflate, br","connection":"keep-alive","content-length":"158","content-type":"application/json","host":"localhost:3000","postman-token":"d28671d1-ae49-458b-b42f-e918171e04dc","user-agent":"PostmanRuntime/7.43.4"},"ip":"::1","level":"http","message":"Incoming request","method":"POST","query":{},"requestId":"7ppy1tlm22kz0myvlc97c","timestamp":"2025-09-22 18:12:03","url":"/api/auth/create-admin","userAgent":"PostmanRuntime/7.43.4"}
{"action":"Access token verified","category":"authentication","level":"info","message":"Auth: Access token verified","role":"SUPER_ADMIN","timestamp":"2025-09-22 18:12:03","userId":"cmfv3zlc60000tvacadin3dnt"}
{"action":"User authenticated successfully","category":"authentication","email":"john.doe@example.com","level":"info","message":"Auth: User authenticated successfully","role":"SUPER_ADMIN","timestamp":"2025-09-22 18:12:03","userId":"cmfv3zlc60000tvacadin3dnt"}
{"category":"security","endpoint":"/api/auth/create-admin","event":"Authorization failed - insufficient permissions","level":"warn","message":"Security: Authorization failed - insufficient permissions","requiredRoles":[["SUPER_ADMIN"]],"timestamp":"2025-09-22 18:12:03","userId":"cmfv3zlc60000tvacadin3dnt","userRole":"SUPER_ADMIN"}
{"duration":16,"ip":"::1","level":"http","message":"Outgoing response","requestId":"7ppy1tlm22kz0myvlc97c","responseSize":89,"statusCode":403,"timestamp":"2025-09-22 18:12:03","userAgent":"PostmanRuntime/7.43.4"}
{"duration":20,"ip":"::1","level":"warn","message":"Request completed with error","method":"POST","requestId":"7ppy1tlm22kz0myvlc97c","statusCode":403,"timestamp":"2025-09-22 18:12:03","url":"/api/auth/create-admin","userAgent":"PostmanRuntime/7.43.4"}
{"level":"info","message":"JWT configuration validated successfully","timestamp":"2025-09-22 18:12:53"}
{"body":{"email":"admin@example.com","firstName":"Admin","lastName":"User","password":"[REDACTED]","phoneNumber":"+1234567890"},"headers":{"accept":"*/*","accept-encoding":"gzip, deflate, br","connection":"keep-alive","content-length":"158","content-type":"application/json","host":"localhost:3000","postman-token":"9fb2b7e6-0ef1-48b1-8a39-1fb2817c2b07","user-agent":"PostmanRuntime/7.43.4"},"ip":"::1","level":"http","message":"Incoming request","method":"POST","query":{},"requestId":"zax44q95uy7kohb9qv9es","timestamp":"2025-09-22 18:13:19","url":"/api/auth/create-admin","userAgent":"PostmanRuntime/7.43.4"}
{"action":"Access token verified","category":"authentication","level":"info","message":"Auth: Access token verified","role":"SUPER_ADMIN","timestamp":"2025-09-22 18:13:19","userId":"cmfv3zlc60000tvacadin3dnt"}
{"action":"User authenticated successfully","category":"authentication","email":"john.doe@example.com","level":"info","message":"Auth: User authenticated successfully","role":"SUPER_ADMIN","timestamp":"2025-09-22 18:13:19","userId":"cmfv3zlc60000tvacadin3dnt"}
{"action":"User authorized successfully","category":"authentication","endpoint":"/api/auth/create-admin","level":"info","message":"Auth: User authorized successfully","timestamp":"2025-09-22 18:13:19","userId":"cmfv3zlc60000tvacadin3dnt","userRole":"SUPER_ADMIN"}
{"action":"Admin creation attempt","category":"authentication","email":"admin@example.com","ip":"::1","level":"info","message":"Auth: Admin creation attempt","requestId":"zax44q95uy7kohb9qv9es","requestedBy":"john.doe@example.com","timestamp":"2025-09-22 18:13:19","userAgent":"PostmanRuntime/7.43.4"}
{"action":"Registration attempt started","category":"authentication","email":"admin@example.com","level":"info","message":"Auth: Registration attempt started","role":"ADMIN","timestamp":"2025-09-22 18:13:19"}
{"action":"Access token generated","category":"authentication","expiresIn":"15m","level":"info","message":"Auth: Access token generated","role":"ADMIN","timestamp":"2025-09-22 18:13:20","userId":"cmfv4ae5t0001tvlgb2hckeau"}
{"action":"Refresh token generated","category":"authentication","expiresIn":"7d","level":"info","message":"Auth: Refresh token generated","role":"ADMIN","timestamp":"2025-09-22 18:13:20","userId":"cmfv4ae5t0001tvlgb2hckeau"}
{"action":"User registered successfully","category":"authentication","email":"admin@example.com","level":"info","message":"Auth: User registered successfully","role":"ADMIN","timestamp":"2025-09-22 18:13:20","userId":"cmfv4ae5t0001tvlgb2hckeau"}
{"action":"Admin creation successful","adminId":"cmfv4ae5t0001tvlgb2hckeau","category":"authentication","createdBy":"john.doe@example.com","email":"admin@example.com","ip":"::1","level":"info","message":"Auth: Admin creation successful","requestId":"zax44q95uy7kohb9qv9es","timestamp":"2025-09-22 18:13:20","userAgent":"PostmanRuntime/7.43.4"}
{"duration":376,"ip":"::1","level":"http","message":"Outgoing response","requestId":"zax44q95uy7kohb9qv9es","responseSize":1075,"statusCode":201,"timestamp":"2025-09-22 18:13:20","userAgent":"PostmanRuntime/7.43.4"}
{"level":"info","message":"JWT configuration validated successfully","timestamp":"2025-09-22 18:13:46"}
{"body":{"email":"john.doe@example.com","firstName":"John","lastName":"Doe","password":"[REDACTED]","phoneNumber":"+1234567890","role":"ADMIN"},"headers":{"accept":"*/*","accept-encoding":"gzip, deflate, br","connection":"keep-alive","content-length":"174","content-type":"application/json","host":"localhost:3000","postman-token":"9ef17157-b0bd-4da4-acd4-ec6bea9935cc","user-agent":"PostmanRuntime/7.43.4"},"ip":"::1","level":"http","message":"Incoming request","method":"POST","query":{},"requestId":"bxibbhotf1ae7t96a3y7hs","timestamp":"2025-09-22 18:14:09","url":"/api/auth/register","userAgent":"PostmanRuntime/7.43.4"}
{"action":"Registration attempt","category":"authentication","email":"john.doe@example.com","ip":"::1","level":"info","message":"Auth: Registration attempt","requestId":"bxibbhotf1ae7t96a3y7hs","role":"ADMIN","timestamp":"2025-09-22 18:14:09","userAgent":"PostmanRuntime/7.43.4"}
{"action":"Registration attempt started","category":"authentication","email":"john.doe@example.com","level":"info","message":"Auth: Registration attempt started","role":"ADMIN","timestamp":"2025-09-22 18:14:09"}
{"email":"john.doe@example.com","error":"User with this email already exists","level":"error","message":"Registration failed","role":"ADMIN","stack":"Error: User with this email already exists\n    at Object.register (file:///D:/MacrosAndMeals/src/services/authService.js:34:15)\n    at async register (file:///D:/MacrosAndMeals/src/controllers/authController.js:98:22)","timestamp":"2025-09-22 18:14:09"}
{"email":"john.doe@example.com","error":"User with this email already exists","ip":"::1","level":"error","message":"Registration failed","requestId":"bxibbhotf1ae7t96a3y7hs","role":"ADMIN","stack":"Error: User with this email already exists\n    at Object.register (file:///D:/MacrosAndMeals/src/services/authService.js:34:15)\n    at async register (file:///D:/MacrosAndMeals/src/controllers/authController.js:98:22)","timestamp":"2025-09-22 18:14:09","userAgent":"PostmanRuntime/7.43.4"}
{"duration":31,"ip":"::1","level":"http","message":"Outgoing response","requestId":"bxibbhotf1ae7t96a3y7hs","responseSize":87,"statusCode":409,"timestamp":"2025-09-22 18:14:09","userAgent":"PostmanRuntime/7.43.4"}
{"duration":34,"ip":"::1","level":"warn","message":"Request completed with error","method":"POST","requestId":"bxibbhotf1ae7t96a3y7hs","statusCode":409,"timestamp":"2025-09-22 18:14:09","url":"/api/auth/register","userAgent":"PostmanRuntime/7.43.4"}
{"body":{"email":"admin2@admin.com","firstName":"John","lastName":"Doe","password":"[REDACTED]","phoneNumber":"+1234567890","role":"ADMIN"},"headers":{"accept":"*/*","accept-encoding":"gzip, deflate, br","connection":"keep-alive","content-length":"170","content-type":"application/json","host":"localhost:3000","postman-token":"ba7ae379-cce5-49e4-b026-8a8c6cff220b","user-agent":"PostmanRuntime/7.43.4"},"ip":"::1","level":"http","message":"Incoming request","method":"POST","query":{},"requestId":"kvqsrx764ods81nq8heql","timestamp":"2025-09-22 18:14:36","url":"/api/auth/register","userAgent":"PostmanRuntime/7.43.4"}
{"action":"Registration attempt","category":"authentication","email":"admin2@admin.com","ip":"::1","level":"info","message":"Auth: Registration attempt","requestId":"kvqsrx764ods81nq8heql","role":"ADMIN","timestamp":"2025-09-22 18:14:36","userAgent":"PostmanRuntime/7.43.4"}
{"action":"Registration attempt started","category":"authentication","email":"admin2@admin.com","level":"info","message":"Auth: Registration attempt started","role":"ADMIN","timestamp":"2025-09-22 18:14:36"}
{"action":"Access token generated","category":"authentication","expiresIn":"15m","level":"info","message":"Auth: Access token generated","role":"ADMIN","timestamp":"2025-09-22 18:14:36","userId":"cmfv4c1b40001tv5kalxvi2ag"}
{"action":"Refresh token generated","category":"authentication","expiresIn":"7d","level":"info","message":"Auth: Refresh token generated","role":"ADMIN","timestamp":"2025-09-22 18:14:36","userId":"cmfv4c1b40001tv5kalxvi2ag"}
{"action":"User registered successfully","category":"authentication","email":"admin2@admin.com","level":"info","message":"Auth: User registered successfully","role":"ADMIN","timestamp":"2025-09-22 18:14:36","userId":"cmfv4c1b40001tv5kalxvi2ag"}
{"action":"Registration successful","category":"authentication","email":"admin2@admin.com","ip":"::1","level":"info","message":"Auth: Registration successful","requestId":"kvqsrx764ods81nq8heql","role":"ADMIN","timestamp":"2025-09-22 18:14:36","userAgent":"PostmanRuntime/7.43.4","userId":"cmfv4c1b40001tv5kalxvi2ag"}
{"duration":350,"ip":"::1","level":"http","message":"Outgoing response","requestId":"kvqsrx764ods81nq8heql","responseSize":1069,"statusCode":201,"timestamp":"2025-09-22 18:14:36","userAgent":"PostmanRuntime/7.43.4"}
{"body":{"email":"trainer@trainer.com","firstName":"John","lastName":"Doe","password":"[REDACTED]","phoneNumber":"+1234567890","role":"TRAINER"},"headers":{"accept":"*/*","accept-encoding":"gzip, deflate, br","connection":"keep-alive","content-length":"175","content-type":"application/json","host":"localhost:3000","postman-token":"b33b3bf2-f81f-4fcc-a9ce-c0ca3e29d89d","user-agent":"PostmanRuntime/7.43.4"},"ip":"::1","level":"http","message":"Incoming request","method":"POST","query":{},"requestId":"6zonunaq4icn8hpbdzx2c","timestamp":"2025-09-22 18:16:07","url":"/api/auth/register","userAgent":"PostmanRuntime/7.43.4"}
{"action":"Registration attempt","category":"authentication","email":"trainer@trainer.com","ip":"::1","level":"info","message":"Auth: Registration attempt","requestId":"6zonunaq4icn8hpbdzx2c","role":"TRAINER","timestamp":"2025-09-22 18:16:07","userAgent":"PostmanRuntime/7.43.4"}
{"action":"Registration attempt started","category":"authentication","email":"trainer@trainer.com","level":"info","message":"Auth: Registration attempt started","role":"TRAINER","timestamp":"2025-09-22 18:16:07"}
{"action":"Access token generated","category":"authentication","expiresIn":"15m","level":"info","message":"Auth: Access token generated","role":"TRAINER","timestamp":"2025-09-22 18:16:08","userId":"cmfv4dzzx0004tv5k5uxud8xw"}
{"action":"Refresh token generated","category":"authentication","expiresIn":"7d","level":"info","message":"Auth: Refresh token generated","role":"TRAINER","timestamp":"2025-09-22 18:16:08","userId":"cmfv4dzzx0004tv5k5uxud8xw"}
{"action":"User registered successfully","category":"authentication","email":"trainer@trainer.com","level":"info","message":"Auth: User registered successfully","role":"TRAINER","timestamp":"2025-09-22 18:16:08","userId":"cmfv4dzzx0004tv5k5uxud8xw"}
{"action":"Registration successful","category":"authentication","email":"trainer@trainer.com","ip":"::1","level":"info","message":"Auth: Registration successful","requestId":"6zonunaq4icn8hpbdzx2c","role":"TRAINER","timestamp":"2025-09-22 18:16:08","userAgent":"PostmanRuntime/7.43.4","userId":"cmfv4dzzx0004tv5k5uxud8xw"}
{"duration":362,"ip":"::1","level":"http","message":"Outgoing response","requestId":"6zonunaq4icn8hpbdzx2c","responseSize":1078,"statusCode":201,"timestamp":"2025-09-22 18:16:08","userAgent":"PostmanRuntime/7.43.4"}
{"body":{"email":"customer@custimer.com","firstName":"John","lastName":"Doe","password":"[REDACTED]","phoneNumber":"+1234567890","role":"CUSTOMER"},"headers":{"accept":"*/*","accept-encoding":"gzip, deflate, br","connection":"keep-alive","content-length":"178","content-type":"application/json","host":"localhost:3000","postman-token":"ba8ae9b0-c88e-45da-867f-35730cfb45e6","user-agent":"PostmanRuntime/7.43.4"},"ip":"::1","level":"http","message":"Incoming request","method":"POST","query":{},"requestId":"2qojr31y4mm7kjhhfdwvjw","timestamp":"2025-09-22 18:16:55","url":"/api/auth/register","userAgent":"PostmanRuntime/7.43.4"}
{"action":"Registration attempt","category":"authentication","email":"customer@custimer.com","ip":"::1","level":"info","message":"Auth: Registration attempt","requestId":"2qojr31y4mm7kjhhfdwvjw","role":"CUSTOMER","timestamp":"2025-09-22 18:16:55","userAgent":"PostmanRuntime/7.43.4"}
{"action":"Registration attempt started","category":"authentication","email":"customer@custimer.com","level":"info","message":"Auth: Registration attempt started","role":"CUSTOMER","timestamp":"2025-09-22 18:16:55"}
{"action":"Access token generated","category":"authentication","expiresIn":"15m","level":"info","message":"Auth: Access token generated","role":"CUSTOMER","timestamp":"2025-09-22 18:16:56","userId":"cmfv4f0vi0007tv5kn11xhlq8"}
{"action":"Refresh token generated","category":"authentication","expiresIn":"7d","level":"info","message":"Auth: Refresh token generated","role":"CUSTOMER","timestamp":"2025-09-22 18:16:56","userId":"cmfv4f0vi0007tv5kn11xhlq8"}
{"action":"User registered successfully","category":"authentication","email":"customer@custimer.com","level":"info","message":"Auth: User registered successfully","role":"CUSTOMER","timestamp":"2025-09-22 18:16:56","userId":"cmfv4f0vi0007tv5kn11xhlq8"}
{"action":"Registration successful","category":"authentication","email":"customer@custimer.com","ip":"::1","level":"info","message":"Auth: Registration successful","requestId":"2qojr31y4mm7kjhhfdwvjw","role":"CUSTOMER","timestamp":"2025-09-22 18:16:56","userAgent":"PostmanRuntime/7.43.4","userId":"cmfv4f0vi0007tv5kn11xhlq8"}
{"duration":341,"ip":"::1","level":"http","message":"Outgoing response","requestId":"2qojr31y4mm7kjhhfdwvjw","responseSize":1319,"statusCode":201,"timestamp":"2025-09-22 18:16:56","userAgent":"PostmanRuntime/7.43.4"}
{"level":"info","message":"JWT configuration validated successfully","timestamp":"2025-09-22 18:19:33"}
{"level":"info","message":"JWT configuration validated successfully","timestamp":"2025-09-22 18:19:40"}
{"body":{"email":"trainer@example.com","firstName":"Trainer","lastName":"Smith","password":"[REDACTED]","phoneNumber":"+1234567890"},"headers":{"accept":"*/*","accept-encoding":"gzip, deflate, br","connection":"keep-alive","content-length":"166","content-type":"application/json","host":"localhost:3000","postman-token":"903fba2b-3fcd-4d3c-9d3a-9e86e320111d","user-agent":"PostmanRuntime/7.43.4"},"ip":"::1","level":"http","message":"Incoming request","method":"POST","query":{},"requestId":"c4nyseuyo3cufibk55n6","timestamp":"2025-09-22 18:21:22","url":"/api/auth/create-admin","userAgent":"PostmanRuntime/7.43.4"}
{"action":"Access token verified","category":"authentication","level":"info","message":"Auth: Access token verified","role":"ADMIN","timestamp":"2025-09-22 18:21:22","userId":"cmfv4c1b40001tv5kalxvi2ag"}
{"action":"User authenticated successfully","category":"authentication","email":"admin2@admin.com","level":"info","message":"Auth: User authenticated successfully","role":"ADMIN","timestamp":"2025-09-22 18:21:22","userId":"cmfv4c1b40001tv5kalxvi2ag"}
{"category":"security","endpoint":"/api/auth/create-admin","event":"Authorization failed - insufficient permissions","level":"warn","message":"Security: Authorization failed - insufficient permissions","requiredRoles":["SUPER_ADMIN"],"timestamp":"2025-09-22 18:21:22","userId":"cmfv4c1b40001tv5kalxvi2ag","userRole":"ADMIN"}
{"duration":14,"ip":"::1","level":"http","message":"Outgoing response","requestId":"c4nyseuyo3cufibk55n6","responseSize":89,"statusCode":403,"timestamp":"2025-09-22 18:21:22","userAgent":"PostmanRuntime/7.43.4"}
{"duration":18,"ip":"::1","level":"warn","message":"Request completed with error","method":"POST","requestId":"c4nyseuyo3cufibk55n6","statusCode":403,"timestamp":"2025-09-22 18:21:22","url":"/api/auth/create-admin","userAgent":"PostmanRuntime/7.43.4"}
{"body":{"email":"trainer@example.com","firstName":"Trainer","lastName":"Smith","password":"[REDACTED]","phoneNumber":"+1234567890"},"headers":{"accept":"*/*","accept-encoding":"gzip, deflate, br","connection":"keep-alive","content-length":"166","content-type":"application/json","host":"localhost:3000","postman-token":"c4e4c5d0-2707-4449-8d12-e2aeb0543a1f","user-agent":"PostmanRuntime/7.43.4"},"ip":"::1","level":"http","message":"Incoming request","method":"POST","query":{},"requestId":"7w2qdtwvz4oy8bax8ix94","timestamp":"2025-09-22 18:22:19","url":"/api/auth/create-trainer","userAgent":"PostmanRuntime/7.43.4"}
{"action":"Access token verified","category":"authentication","level":"info","message":"Auth: Access token verified","role":"ADMIN","timestamp":"2025-09-22 18:22:19","userId":"cmfv4c1b40001tv5kalxvi2ag"}
{"action":"User authenticated successfully","category":"authentication","email":"admin2@admin.com","level":"info","message":"Auth: User authenticated successfully","role":"ADMIN","timestamp":"2025-09-22 18:22:19","userId":"cmfv4c1b40001tv5kalxvi2ag"}
{"action":"User authorized successfully","category":"authentication","endpoint":"/api/auth/create-trainer","level":"info","message":"Auth: User authorized successfully","timestamp":"2025-09-22 18:22:19","userId":"cmfv4c1b40001tv5kalxvi2ag","userRole":"ADMIN"}
{"action":"Trainer creation attempt","category":"authentication","email":"trainer@example.com","ip":"::1","level":"info","message":"Auth: Trainer creation attempt","requestId":"7w2qdtwvz4oy8bax8ix94","requestedBy":"admin2@admin.com","timestamp":"2025-09-22 18:22:19","userAgent":"PostmanRuntime/7.43.4"}
{"action":"Registration attempt started","category":"authentication","email":"trainer@example.com","level":"info","message":"Auth: Registration attempt started","role":"TRAINER","timestamp":"2025-09-22 18:22:19"}
{"action":"Access token generated","category":"authentication","expiresIn":"15m","level":"info","message":"Auth: Access token generated","role":"TRAINER","timestamp":"2025-09-22 18:22:20","userId":"cmfv4lyxe0001tv04avdgzj67"}
{"action":"Refresh token generated","category":"authentication","expiresIn":"7d","level":"info","message":"Auth: Refresh token generated","role":"TRAINER","timestamp":"2025-09-22 18:22:20","userId":"cmfv4lyxe0001tv04avdgzj67"}
{"action":"User registered successfully","category":"authentication","email":"trainer@example.com","level":"info","message":"Auth: User registered successfully","role":"TRAINER","timestamp":"2025-09-22 18:22:20","userId":"cmfv4lyxe0001tv04avdgzj67"}
{"action":"Trainer creation successful","adminId":"cmfv4c1b40001tv5kalxvi2ag","category":"authentication","createdBy":"admin2@admin.com","email":"trainer@example.com","ip":"::1","level":"info","message":"Auth: Trainer creation successful","requestId":"7w2qdtwvz4oy8bax8ix94","timestamp":"2025-09-22 18:22:20","trainerId":"cmfv4lyxe0001tv04avdgzj67","userAgent":"PostmanRuntime/7.43.4"}
{"duration":369,"ip":"::1","level":"http","message":"Outgoing response","requestId":"7w2qdtwvz4oy8bax8ix94","responseSize":1116,"statusCode":201,"timestamp":"2025-09-22 18:22:20","userAgent":"PostmanRuntime/7.43.4"}
{"level":"info","message":"JWT configuration validated successfully","timestamp":"2025-09-22 18:22:39"}
